  [1m[35m (12.0ms)[0m  [1m[35mCREATE TABLE "schema_migrations" ("version" character varying NOT NULL PRIMARY KEY)[0m
  [1m[35m (20.7ms)[0m  [1m[35mCREATE TABLE "ar_internal_metadata" ("key" character varying NOT NULL PRIMARY KEY, "value" character varying, "created_at" timestamp NOT NULL, "updated_at" timestamp NOT NULL)[0m
  [1m[35m (0.8ms)[0m  [1m[34mSELECT pg_try_advisory_lock(1155279716159505300)[0m
  [1m[35m (1.0ms)[0m  [1m[34mSELECT "schema_migrations"."version" FROM "schema_migrations" ORDER BY "schema_migrations"."version" ASC[0m
Migrating to DeviseCreateUsers (20181007065426)
  [1m[35m (0.2ms)[0m  [1m[35mBEGIN[0m
  [1m[35m (22.0ms)[0m  [1m[35mCREATE TABLE "users" ("id" bigserial primary key, "email" character varying DEFAULT '' NOT NULL, "encrypted_password" character varying DEFAULT '' NOT NULL, "reset_password_token" character varying, "reset_password_sent_at" timestamp, "remember_created_at" timestamp, "created_at" timestamp NOT NULL, "updated_at" timestamp NOT NULL)[0m
  [1m[35m (1.1ms)[0m  [1m[35mCREATE UNIQUE INDEX  "index_users_on_email" ON "users"  ("email")[0m
  [1m[35m (1.0ms)[0m  [1m[35mCREATE UNIQUE INDEX  "index_users_on_reset_password_token" ON "users"  ("reset_password_token")[0m
  [1m[35mSQL (0.7ms)[0m  [1m[32mINSERT INTO "schema_migrations" ("version") VALUES ($1) RETURNING "version"[0m  [["version", "20181007065426"]]
  [1m[35m (0.7ms)[0m  [1m[35mCOMMIT[0m
  [1m[36mActiveRecord::InternalMetadata Load (0.4ms)[0m  [1m[34mSELECT  "ar_internal_metadata".* FROM "ar_internal_metadata" WHERE "ar_internal_metadata"."key" = $1 LIMIT $2[0m  [["key", "environment"], ["LIMIT", 1]]
  [1m[35m (0.2ms)[0m  [1m[35mBEGIN[0m
  [1m[35mSQL (1.2ms)[0m  [1m[32mINSERT INTO "ar_internal_metadata" ("key", "value", "created_at", "updated_at") VALUES ($1, $2, $3, $4) RETURNING "key"[0m  [["key", "environment"], ["value", "development"], ["created_at", "2018-10-07 16:34:24.591470"], ["updated_at", "2018-10-07 16:34:24.591470"]]
  [1m[35m (0.4ms)[0m  [1m[35mCOMMIT[0m
  [1m[35m (0.2ms)[0m  [1m[34mSELECT pg_advisory_unlock(1155279716159505300)[0m
  [1m[35m (0.3ms)[0m  [1m[34mSELECT "schema_migrations"."version" FROM "schema_migrations" ORDER BY "schema_migrations"."version" ASC[0m
Started GET "/api/v1/users" for 127.0.0.1 at 2018-10-07 11:43:27 -0500
  
NoMethodError (undefined method `devise' for User (call 'User.connection' to establish a connection):Class):
  
app/models/user.rb:4:in `<class:User>'
app/models/user.rb:1:in `<top (required)>'
config/routes.rb:3:in `block in <top (required)>'
config/routes.rb:1:in `<top (required)>'
Started GET "/api/v1/users" for 127.0.0.1 at 2018-10-07 11:44:09 -0500
  
RuntimeError (User does not respond to 'devise' method. This usually means you haven't loaded your ORM file or it's being loaded too late. To fix it, be sure to require 'devise/orm/YOUR_ORM' inside 'config/initializers/devise.rb' or before your application definition in 'config/application.rb'):
  
config/routes.rb:3:in `block in <top (required)>'
config/routes.rb:1:in `<top (required)>'
Started GET "/api/v1/users" for 127.0.0.1 at 2018-10-07 11:49:01 -0500
  [1m[35m (0.9ms)[0m  [1m[34mSELECT "schema_migrations"."version" FROM "schema_migrations" ORDER BY "schema_migrations"."version" ASC[0m
Processing by Api::V1::UsersController#index as JSON
  [1m[36mUser Load (19.2ms)[0m  [1m[34mSELECT "users".* FROM "users"[0m
Completed 200 OK in 23ms (Views: 1.9ms | ActiveRecord: 20.8ms)


Started POST "/api/v1/users" for 127.0.0.1 at 2018-10-07 11:51:18 -0500
Processing by Api::V1::UsersController#create as JSON
  Parameters: {"email"=>"vh.urquides@gmail.com", "password"=>"[FILTERED]", "password_confirmation"=>"[FILTERED]", "user"=>{"email"=>"vh.urquides@gmail.com"}}
  [1m[35m (0.2ms)[0m  [1m[35mBEGIN[0m
  [1m[36mUser Exists (0.7ms)[0m  [1m[34mSELECT  1 AS one FROM "users" WHERE "users"."email" = $1 LIMIT $2[0m  [["email", "vh.urquides@gmail.com"], ["LIMIT", 1]]
  [1m[35mSQL (1.0ms)[0m  [1m[32mINSERT INTO "users" ("email", "encrypted_password", "created_at", "updated_at") VALUES ($1, $2, $3, $4) RETURNING "id"[0m  [["email", "vh.urquides@gmail.com"], ["encrypted_password", "$2a$11$SNeUphwhulPx8lKEtONHQ.yrJqX0Di0rB0PHYRIEAUaOghzv0ieJa"], ["created_at", "2018-10-07 16:51:18.935217"], ["updated_at", "2018-10-07 16:51:18.935217"]]
  [1m[35m (6.6ms)[0m  [1m[35mCOMMIT[0m
Completed 201 Created in 242ms (Views: 2.3ms | ActiveRecord: 16.2ms)


Started PUT "/api/v1/users/1" for 127.0.0.1 at 2018-10-07 11:54:55 -0500
Processing by Api::V1::UsersController#update as JSON
  Parameters: {"email"=>"vh.urquides@gmail.com.mx", "id"=>"1", "user"=>{"email"=>"vh.urquides@gmail.com.mx"}}
  [1m[36mUser Load (13.2ms)[0m  [1m[34mSELECT  "users".* FROM "users" WHERE "users"."id" = $1 LIMIT $2[0m  [["id", 1], ["LIMIT", 1]]
  [1m[35m (0.3ms)[0m  [1m[35mBEGIN[0m
  [1m[36mUser Exists (1.8ms)[0m  [1m[34mSELECT  1 AS one FROM "users" WHERE "users"."email" = $1 AND ("users"."id" != $2) LIMIT $3[0m  [["email", "vh.urquides@gmail.com.mx"], ["id", 1], ["LIMIT", 1]]
  [1m[35mSQL (6.1ms)[0m  [1m[33mUPDATE "users" SET "email" = $1, "updated_at" = $2 WHERE "users"."id" = $3[0m  [["email", "vh.urquides@gmail.com.mx"], ["updated_at", "2018-10-07 16:54:55.429329"], ["id", 1]]
  [1m[35m (5.7ms)[0m  [1m[35mCOMMIT[0m
Completed 500 Internal Server Error in 57ms (ActiveRecord: 27.5ms)


  
NoMethodError (undefined method `devices' for #<User:0x00007fde01db9610>):
  
app/controllers/api/v1/users_controller.rb:22:in `update'
Started PUT "/api/v1/users/1" for 127.0.0.1 at 2018-10-07 11:55:23 -0500
  
SyntaxError (/Users/urquides/Documents/Repositorios/Pruebas/api-rh/app/controllers/api/v1/users_controller.rb:22: syntax error, unexpected ')', expecting '}'
...ors: @user.errors, user: @user), message: "User updated succ...
...                              ^
/Users/urquides/Documents/Repositorios/Pruebas/api-rh/app/controllers/api/v1/users_controller.rb:22: syntax error, unexpected ',', expecting keyword_end
...: "User updated successfully.", success: true }, status: :ok
...                              ^):
  
app/controllers/api/v1/users_controller.rb:22: syntax error, unexpected ')', expecting '}'
app/controllers/api/v1/users_controller.rb:22: syntax error, unexpected ',', expecting keyword_end
Started PUT "/api/v1/users/1" for 127.0.0.1 at 2018-10-07 11:55:31 -0500
Processing by Api::V1::UsersController#update as JSON
  Parameters: {"email"=>"vh.urquides@gmail.com.mx", "id"=>"1", "user"=>{"email"=>"vh.urquides@gmail.com.mx"}}
  [1m[36mUser Load (0.4ms)[0m  [1m[34mSELECT  "users".* FROM "users" WHERE "users"."id" = $1 LIMIT $2[0m  [["id", 1], ["LIMIT", 1]]
  [1m[35m (0.2ms)[0m  [1m[35mBEGIN[0m
  [1m[35m (0.2ms)[0m  [1m[35mCOMMIT[0m
Completed 200 OK in 19ms (Views: 0.5ms | ActiveRecord: 7.2ms)


Started PUT "/api/v1/users/1" for 127.0.0.1 at 2018-10-07 11:55:51 -0500
Processing by Api::V1::UsersController#update as JSON
  Parameters: {"email"=>"vh.urquides@gmail.com", "id"=>"1", "user"=>{"email"=>"vh.urquides@gmail.com"}}
  [1m[36mUser Load (0.4ms)[0m  [1m[34mSELECT  "users".* FROM "users" WHERE "users"."id" = $1 LIMIT $2[0m  [["id", 1], ["LIMIT", 1]]
  [1m[35m (0.3ms)[0m  [1m[35mBEGIN[0m
  [1m[36mUser Exists (0.4ms)[0m  [1m[34mSELECT  1 AS one FROM "users" WHERE "users"."email" = $1 AND ("users"."id" != $2) LIMIT $3[0m  [["email", "vh.urquides@gmail.com"], ["id", 1], ["LIMIT", 1]]
  [1m[35mSQL (0.5ms)[0m  [1m[33mUPDATE "users" SET "email" = $1, "updated_at" = $2 WHERE "users"."id" = $3[0m  [["email", "vh.urquides@gmail.com"], ["updated_at", "2018-10-07 16:55:51.494361"], ["id", 1]]
  [1m[35m (0.6ms)[0m  [1m[35mCOMMIT[0m
Completed 200 OK in 24ms (Views: 0.7ms | ActiveRecord: 8.0ms)


Started PUT "/api/v1/users/1" for 127.0.0.1 at 2018-10-07 11:56:32 -0500
Processing by Api::V1::UsersController#update as JSON
  Parameters: {"email"=>"vh.urquides@gmail.com", "id"=>"1", "user"=>{"email"=>"vh.urquides@gmail.com"}}
Filter chain halted as :authenticate_with_token! rendered or redirected
Completed 401 Unauthorized in 1ms (Views: 0.3ms | ActiveRecord: 2.1ms)


Started POST "/api/v1/sessions" for 127.0.0.1 at 2018-10-07 11:57:53 -0500
Processing by Api::V1::SessionsController#create as JSON
  Parameters: {"email"=>"vh.urquides@gmail.com", "password"=>"[FILTERED]", "session"=>{"email"=>"vh.urquides@gmail.com", "password"=>"[FILTERED]"}}
Completed 500 Internal Server Error in 5ms (ActiveRecord: 0.0ms)


  
NameError (uninitialized constant Api::V1::SessionsController::AuthenticateUserService):
  
app/controllers/api/v1/sessions_controller.rb:6:in `create'
Started POST "/api/v1/sessions" for 127.0.0.1 at 2018-10-07 11:58:26 -0500
Processing by Api::V1::SessionsController#create as JSON
  Parameters: {"email"=>"vh.urquides@gmail.com", "password"=>"[FILTERED]", "session"=>{"email"=>"vh.urquides@gmail.com", "password"=>"[FILTERED]"}}
Completed 500 Internal Server Error in 3ms (ActiveRecord: 0.0ms)


  
NameError (uninitialized constant Api::V1::SessionsController::AuthenticateUserService):
  
app/controllers/api/v1/sessions_controller.rb:6:in `create'
Started POST "/api/v1/sessions" for 127.0.0.1 at 2018-10-07 11:58:58 -0500
  [1m[35m (1.1ms)[0m  [1m[34mSELECT "schema_migrations"."version" FROM "schema_migrations" ORDER BY "schema_migrations"."version" ASC[0m
Processing by Api::V1::SessionsController#create as JSON
  Parameters: {"email"=>"vh.urquides@gmail.com", "password"=>"[FILTERED]", "session"=>{"email"=>"vh.urquides@gmail.com", "password"=>"[FILTERED]"}}
Completed 500 Internal Server Error in 5ms (ActiveRecord: 0.0ms)


  
NameError (uninitialized constant Api::V1::SessionsController::AuthenticateUserService):
  
app/controllers/api/v1/sessions_controller.rb:6:in `create'
Started POST "/api/v1/sessions" for 127.0.0.1 at 2018-10-07 12:02:29 -0500
  [1m[35m (1.2ms)[0m  [1m[34mSELECT "schema_migrations"."version" FROM "schema_migrations" ORDER BY "schema_migrations"."version" ASC[0m
Processing by Api::V1::SessionsController#create as JSON
  Parameters: {"email"=>"vh.urquides@gmail.com", "password"=>"[FILTERED]", "session"=>{"email"=>"vh.urquides@gmail.com", "password"=>"[FILTERED]"}}
  [1m[36mUser Load (0.6ms)[0m  [1m[34mSELECT  "users".* FROM "users" WHERE "users"."email" = $1 LIMIT $2[0m  [["email", "vh.urquides@gmail.com"], ["LIMIT", 1]]
Completed 200 OK in 231ms (Views: 0.9ms | ActiveRecord: 5.5ms)


Started POST "/api/v1/sessions" for 127.0.0.1 at 2018-10-07 12:07:45 -0500
Processing by Api::V1::SessionsController#create as JSON
  Parameters: {"email"=>"vh.urquides@gmail.com", "password"=>"[FILTERED]", "session"=>{"email"=>"vh.urquides@gmail.com", "password"=>"[FILTERED]"}}
  [1m[36mUser Load (0.4ms)[0m  [1m[34mSELECT  "users".* FROM "users" WHERE "users"."email" = $1 LIMIT $2[0m  [["email", "vh.urquides@gmail.com"], ["LIMIT", 1]]
Completed 200 OK in 220ms (Views: 0.6ms | ActiveRecord: 5.9ms)


Started GET "/api/v1/users" for 127.0.0.1 at 2018-10-07 12:08:12 -0500
Processing by Api::V1::UsersController#index as JSON
  [1m[36mUser Load (2.3ms)[0m  [1m[34mSELECT "users".* FROM "users"[0m
Completed 200 OK in 6ms (Views: 3.5ms | ActiveRecord: 2.3ms)


Started POST "/api/v1/users" for 127.0.0.1 at 2018-10-07 12:08:20 -0500
Processing by Api::V1::UsersController#create as JSON
  Parameters: {"email"=>"vh.urquides@gmail.com", "password"=>"[FILTERED]", "password_confirmation"=>"[FILTERED]", "user"=>{"email"=>"vh.urquides@gmail.com"}}
  [1m[35m (0.2ms)[0m  [1m[35mBEGIN[0m
  [1m[36mUser Exists (0.6ms)[0m  [1m[34mSELECT  1 AS one FROM "users" WHERE "users"."email" = $1 LIMIT $2[0m  [["email", "vh.urquides@gmail.com"], ["LIMIT", 1]]
  [1m[35m (0.2ms)[0m  [1m[31mROLLBACK[0m
Completed 422 Unprocessable Entity in 241ms (Views: 0.2ms | ActiveRecord: 1.1ms)


Started POST "/api/v1/users" for 127.0.0.1 at 2018-10-07 12:08:30 -0500
Processing by Api::V1::UsersController#create as JSON
  Parameters: {"email"=>"vh.urquides.1@gmail.com", "password"=>"[FILTERED]", "password_confirmation"=>"[FILTERED]", "user"=>{"email"=>"vh.urquides.1@gmail.com"}}
  [1m[35m (0.2ms)[0m  [1m[35mBEGIN[0m
  [1m[36mUser Exists (4.1ms)[0m  [1m[34mSELECT  1 AS one FROM "users" WHERE "users"."email" = $1 LIMIT $2[0m  [["email", "vh.urquides.1@gmail.com"], ["LIMIT", 1]]
  [1m[35m (2.1ms)[0m  [1m[31mROLLBACK[0m
Completed 500 Internal Server Error in 250ms (ActiveRecord: 6.4ms)


  
NoMethodError (undefined method `auth_token?' for #<User:0x00007f9773dcd658>):
  
app/models/user.rb:6:in `block in <class:User>'
app/controllers/api/v1/users_controller.rb:16:in `create'
Started POST "/api/v1/users" for 127.0.0.1 at 2018-10-07 12:09:42 -0500
Processing by Api::V1::UsersController#create as JSON
  Parameters: {"email"=>"vh.urquides.1@gmail.com", "password"=>"[FILTERED]", "password_confirmation"=>"[FILTERED]", "user"=>{"email"=>"vh.urquides.1@gmail.com"}}
  [1m[35m (0.4ms)[0m  [1m[35mBEGIN[0m
  [1m[36mUser Exists (1.2ms)[0m  [1m[34mSELECT  1 AS one FROM "users" WHERE "users"."email" = $1 LIMIT $2[0m  [["email", "vh.urquides.1@gmail.com"], ["LIMIT", 1]]
  [1m[35m (0.3ms)[0m  [1m[31mROLLBACK[0m
Completed 500 Internal Server Error in 238ms (ActiveRecord: 8.0ms)


  
NoMethodError (undefined method `set_auth_token?' for #<User:0x00007f97752b5f48>
Did you mean?  set_auth_token):
  
app/models/user.rb:6:in `block in <class:User>'
app/controllers/api/v1/users_controller.rb:16:in `create'
Started POST "/api/v1/users" for 127.0.0.1 at 2018-10-07 12:10:24 -0500
Processing by Api::V1::UsersController#create as JSON
  Parameters: {"email"=>"vh.urquides.1@gmail.com", "password"=>"[FILTERED]", "password_confirmation"=>"[FILTERED]", "user"=>{"email"=>"vh.urquides.1@gmail.com"}}
  [1m[35m (0.3ms)[0m  [1m[35mBEGIN[0m
  [1m[36mUser Exists (0.5ms)[0m  [1m[34mSELECT  1 AS one FROM "users" WHERE "users"."email" = $1 LIMIT $2[0m  [["email", "vh.urquides.1@gmail.com"], ["LIMIT", 1]]
  [1m[36mUser Exists (3.6ms)[0m  [1m[34mSELECT  1 AS one FROM "users" WHERE "users"."auth_token" = $1 LIMIT $2[0m  [["auth_token", "21763ed11ebe42c0a4d2094adb745baf"], ["LIMIT", 1]]
  [1m[35m (0.3ms)[0m  [1m[31mROLLBACK[0m
Completed 500 Internal Server Error in 206ms (ActiveRecord: 8.8ms)


  
ActiveRecord::StatementInvalid (PG::UndefinedColumn: ERROR:  column users.auth_token does not exist
LINE 1: SELECT  1 AS one FROM "users" WHERE "users"."auth_token" = $...
                                            ^
: SELECT  1 AS one FROM "users" WHERE "users"."auth_token" = $1 LIMIT $2):
  
app/models/user.rb:21:in `block in generate_auth_token'
app/models/user.rb:19:in `loop'
app/models/user.rb:19:in `generate_auth_token'
app/models/user.rb:15:in `set_auth_token'
app/models/user.rb:6:in `block in <class:User>'
app/controllers/api/v1/users_controller.rb:16:in `create'
  [1m[35m (0.9ms)[0m  [1m[34mSELECT "schema_migrations"."version" FROM "schema_migrations" ORDER BY "schema_migrations"."version" ASC[0m
  [1m[35m (0.5ms)[0m  [1m[34mSELECT "ar_internal_metadata"."value" FROM "ar_internal_metadata" WHERE "ar_internal_metadata"."key" = $1[0m  [["key", "environment"]]
  [1m[35m (0.3ms)[0m  [1m[34mSELECT "schema_migrations"."version" FROM "schema_migrations" ORDER BY "schema_migrations"."version" ASC[0m
  [1m[35m (0.3ms)[0m  [1m[34mSELECT "ar_internal_metadata"."value" FROM "ar_internal_metadata" WHERE "ar_internal_metadata"."key" = $1[0m  [["key", "environment"]]
  [1m[35m (0.3ms)[0m  [1m[34mSELECT "schema_migrations"."version" FROM "schema_migrations" ORDER BY "schema_migrations"."version" ASC[0m
  [1m[35m (0.2ms)[0m  [1m[34mSELECT "ar_internal_metadata"."value" FROM "ar_internal_metadata" WHERE "ar_internal_metadata"."key" = $1[0m  [["key", "environment"]]
  [1m[35m (219.7ms)[0m  [1m[35mDROP DATABASE IF EXISTS "api-rh_development"[0m
  [1m[35m (224.7ms)[0m  [1m[35mDROP DATABASE IF EXISTS "api-rh_test"[0m
  [1m[35m (558.8ms)[0m  [1m[35mCREATE DATABASE "api-rh_development" ENCODING = 'unicode'[0m
  [1m[35m (488.1ms)[0m  [1m[35mCREATE DATABASE "api-rh_test" ENCODING = 'unicode'[0m
  [1m[35m (6.9ms)[0m  [1m[35mCREATE TABLE "schema_migrations" ("version" character varying NOT NULL PRIMARY KEY)[0m
  [1m[35m (4.1ms)[0m  [1m[35mCREATE TABLE "ar_internal_metadata" ("key" character varying NOT NULL PRIMARY KEY, "value" character varying, "created_at" timestamp NOT NULL, "updated_at" timestamp NOT NULL)[0m
  [1m[35m (0.4ms)[0m  [1m[34mSELECT pg_try_advisory_lock(1155279716159505300)[0m
  [1m[35m (0.8ms)[0m  [1m[34mSELECT "schema_migrations"."version" FROM "schema_migrations" ORDER BY "schema_migrations"."version" ASC[0m
Migrating to DeviseCreateUsers (20181007065426)
  [1m[35m (0.3ms)[0m  [1m[35mBEGIN[0m
  [1m[35m (17.7ms)[0m  [1m[35mCREATE TABLE "users" ("id" bigserial primary key, "email" character varying DEFAULT '' NOT NULL, "encrypted_password" character varying DEFAULT '' NOT NULL, "reset_password_token" character varying, "reset_password_sent_at" timestamp, "remember_created_at" timestamp, "auth_token" character varying, "created_at" timestamp NOT NULL, "updated_at" timestamp NOT NULL)[0m
  [1m[35m (1.6ms)[0m  [1m[35mCREATE UNIQUE INDEX  "index_users_on_email" ON "users"  ("email")[0m
  [1m[35m (1.3ms)[0m  [1m[35mCREATE UNIQUE INDEX  "index_users_on_reset_password_token" ON "users"  ("reset_password_token")[0m
  [1m[35m (1.4ms)[0m  [1m[35mCREATE UNIQUE INDEX  "index_users_on_auth_token" ON "users"  ("auth_token")[0m
  [1m[35mSQL (0.7ms)[0m  [1m[32mINSERT INTO "schema_migrations" ("version") VALUES ($1) RETURNING "version"[0m  [["version", "20181007065426"]]
  [1m[35m (0.6ms)[0m  [1m[35mCOMMIT[0m
  [1m[36mActiveRecord::InternalMetadata Load (0.4ms)[0m  [1m[34mSELECT  "ar_internal_metadata".* FROM "ar_internal_metadata" WHERE "ar_internal_metadata"."key" = $1 LIMIT $2[0m  [["key", "environment"], ["LIMIT", 1]]
  [1m[35m (0.2ms)[0m  [1m[35mBEGIN[0m
  [1m[35mSQL (0.7ms)[0m  [1m[32mINSERT INTO "ar_internal_metadata" ("key", "value", "created_at", "updated_at") VALUES ($1, $2, $3, $4) RETURNING "key"[0m  [["key", "environment"], ["value", "development"], ["created_at", "2018-10-07 17:12:55.877389"], ["updated_at", "2018-10-07 17:12:55.877389"]]
  [1m[35m (0.5ms)[0m  [1m[35mCOMMIT[0m
  [1m[35m (0.3ms)[0m  [1m[34mSELECT pg_advisory_unlock(1155279716159505300)[0m
  [1m[35m (0.3ms)[0m  [1m[34mSELECT "schema_migrations"."version" FROM "schema_migrations" ORDER BY "schema_migrations"."version" ASC[0m
Started GET "/api/v1/users" for 127.0.0.1 at 2018-10-07 12:13:35 -0500
  [1m[35m (0.8ms)[0m  [1m[34mSELECT "schema_migrations"."version" FROM "schema_migrations" ORDER BY "schema_migrations"."version" ASC[0m
Processing by Api::V1::UsersController#index as JSON
  [1m[36mUser Load (1.3ms)[0m  [1m[34mSELECT "users".* FROM "users"[0m
Completed 200 OK in 8ms (Views: 3.0ms | ActiveRecord: 3.8ms)


Started POST "/api/v1/users" for 127.0.0.1 at 2018-10-07 12:13:38 -0500
Processing by Api::V1::UsersController#create as JSON
  Parameters: {"email"=>"vh.urquides.1@gmail.com", "password"=>"[FILTERED]", "password_confirmation"=>"[FILTERED]", "user"=>{"email"=>"vh.urquides.1@gmail.com"}}
  [1m[35m (0.3ms)[0m  [1m[35mBEGIN[0m
  [1m[36mUser Exists (0.6ms)[0m  [1m[34mSELECT  1 AS one FROM "users" WHERE "users"."email" = $1 LIMIT $2[0m  [["email", "vh.urquides.1@gmail.com"], ["LIMIT", 1]]
  [1m[36mUser Exists (0.4ms)[0m  [1m[34mSELECT  1 AS one FROM "users" WHERE "users"."auth_token" = $1 LIMIT $2[0m  [["auth_token", "c6e9ebec384a01e7ce76244af4944c3b"], ["LIMIT", 1]]
  [1m[35mSQL (1.1ms)[0m  [1m[32mINSERT INTO "users" ("email", "encrypted_password", "auth_token", "created_at", "updated_at") VALUES ($1, $2, $3, $4, $5) RETURNING "id"[0m  [["email", "vh.urquides.1@gmail.com"], ["encrypted_password", "$2a$11$mmadh1TgsloFaHBdAW63/OEzX5L.7a1bSAe.d3aCl5vEHY2CZ9KoG"], ["auth_token", "c6e9ebec384a01e7ce76244af4944c3b"], ["created_at", "2018-10-07 17:13:38.790298"], ["updated_at", "2018-10-07 17:13:38.790298"]]
  [1m[35m (6.4ms)[0m  [1m[35mCOMMIT[0m
Completed 201 Created in 242ms (Views: 0.7ms | ActiveRecord: 19.9ms)


Started POST "/api/v1/sessions" for 127.0.0.1 at 2018-10-07 12:14:45 -0500
Processing by Api::V1::SessionsController#create as JSON
  Parameters: {"email"=>"vh.urquides@gmail.com", "password"=>"[FILTERED]", "session"=>{"email"=>"vh.urquides@gmail.com", "password"=>"[FILTERED]"}}
  [1m[36mUser Load (0.4ms)[0m  [1m[34mSELECT  "users".* FROM "users" WHERE "users"."email" = $1 LIMIT $2[0m  [["email", "vh.urquides@gmail.com"], ["LIMIT", 1]]
Completed 422 Unprocessable Entity in 28ms (Views: 0.3ms | ActiveRecord: 3.4ms)


Started POST "/api/v1/users" for 127.0.0.1 at 2018-10-07 12:14:55 -0500
Processing by Api::V1::UsersController#create as JSON
  Parameters: {"email"=>"vh.urquides@gmail.com", "password"=>"[FILTERED]", "password_confirmation"=>"[FILTERED]", "user"=>{"email"=>"vh.urquides@gmail.com"}}
  [1m[35m (0.3ms)[0m  [1m[35mBEGIN[0m
  [1m[36mUser Exists (0.4ms)[0m  [1m[34mSELECT  1 AS one FROM "users" WHERE "users"."email" = $1 LIMIT $2[0m  [["email", "vh.urquides@gmail.com"], ["LIMIT", 1]]
  [1m[36mUser Exists (0.4ms)[0m  [1m[34mSELECT  1 AS one FROM "users" WHERE "users"."auth_token" = $1 LIMIT $2[0m  [["auth_token", "8fb2ce4f55163ec540b87130f149b10f"], ["LIMIT", 1]]
  [1m[35mSQL (0.4ms)[0m  [1m[32mINSERT INTO "users" ("email", "encrypted_password", "auth_token", "created_at", "updated_at") VALUES ($1, $2, $3, $4, $5) RETURNING "id"[0m  [["email", "vh.urquides@gmail.com"], ["encrypted_password", "$2a$11$VsSgGh2UxmDa6Gg/GQdb4.e7dR4D9ID/FPXyzMPETkS4RKUMuhNa2"], ["auth_token", "8fb2ce4f55163ec540b87130f149b10f"], ["created_at", "2018-10-07 17:14:55.246153"], ["updated_at", "2018-10-07 17:14:55.246153"]]
  [1m[35m (0.4ms)[0m  [1m[35mCOMMIT[0m
Completed 201 Created in 202ms (Views: 0.5ms | ActiveRecord: 2.0ms)


Started POST "/api/v1/sessions" for 127.0.0.1 at 2018-10-07 12:14:58 -0500
Processing by Api::V1::SessionsController#create as JSON
  Parameters: {"email"=>"vh.urquides@gmail.com", "password"=>"[FILTERED]", "session"=>{"email"=>"vh.urquides@gmail.com", "password"=>"[FILTERED]"}}
  [1m[36mUser Load (0.5ms)[0m  [1m[34mSELECT  "users".* FROM "users" WHERE "users"."email" = $1 LIMIT $2[0m  [["email", "vh.urquides@gmail.com"], ["LIMIT", 1]]
Completed 200 OK in 186ms (Views: 0.7ms | ActiveRecord: 0.5ms)


Started POST "/api/v1/users" for 127.0.0.1 at 2018-10-07 12:16:30 -0500
Processing by Api::V1::UsersController#create as JSON
  Parameters: {"email"=>"vh.urquides.2@gmail.com", "password"=>"[FILTERED]", "password_confirmation"=>"[FILTERED]", "user"=>{"email"=>"vh.urquides.2@gmail.com"}}
  [1m[35m (0.4ms)[0m  [1m[35mBEGIN[0m
  [1m[36mUser Exists (0.6ms)[0m  [1m[34mSELECT  1 AS one FROM "users" WHERE "users"."email" = $1 LIMIT $2[0m  [["email", "vh.urquides.2@gmail.com"], ["LIMIT", 1]]
  [1m[36mUser Exists (0.4ms)[0m  [1m[34mSELECT  1 AS one FROM "users" WHERE "users"."auth_token" = $1 LIMIT $2[0m  [["auth_token", "f4b7224ffc943845f1ad1a7c576aa1a2"], ["LIMIT", 1]]
  [1m[35mSQL (0.5ms)[0m  [1m[32mINSERT INTO "users" ("email", "encrypted_password", "auth_token", "created_at", "updated_at") VALUES ($1, $2, $3, $4, $5) RETURNING "id"[0m  [["email", "vh.urquides.2@gmail.com"], ["encrypted_password", "$2a$11$t/P78FoH6uBHvqaf16mqa.7kuUWycxv7ZE6MnPh/fnLmwAz9yAtre"], ["auth_token", "f4b7224ffc943845f1ad1a7c576aa1a2"], ["created_at", "2018-10-07 17:16:31.008894"], ["updated_at", "2018-10-07 17:16:31.008894"]]
  [1m[35m (2.5ms)[0m  [1m[35mCOMMIT[0m
Completed 500 Internal Server Error in 199ms (ActiveRecord: 8.1ms)


  
NoMethodError (undefined method `except' for #<User:0x00007fd02d2f3bb8>):
  
app/controllers/api/v1/users_controller.rb:17:in `create'
Started GET "/api/v1/users" for 127.0.0.1 at 2018-10-07 12:17:36 -0500
Processing by Api::V1::UsersController#index as JSON
  [1m[36mUser Load (0.4ms)[0m  [1m[34mSELECT "users".* FROM "users"[0m
Completed 200 OK in 21ms (Views: 16.6ms | ActiveRecord: 4.3ms)


Started GET "/api/v1/users" for 127.0.0.1 at 2018-10-07 12:19:40 -0500
  
SyntaxError (/Users/urquides/Documents/Repositorios/Pruebas/api-rh/app/controllers/api/v1/users_controller.rb:8: syntax error, unexpected '|', expecting ')'
...ser.attribute_names.delete_if(|x| exclude_columns.include?(x...
...                              ^
/Users/urquides/Documents/Repositorios/Pruebas/api-rh/app/controllers/api/v1/users_controller.rb:8: syntax error, unexpected ')', expecting keyword_end
...x| exclude_columns.include?(x))
...                              ^
/Users/urquides/Documents/Repositorios/Pruebas/api-rh/app/controllers/api/v1/users_controller.rb:43: syntax error, unexpected end-of-input, expecting keyword_end):
  
app/controllers/api/v1/users_controller.rb:8: syntax error, unexpected '|', expecting ')'
app/controllers/api/v1/users_controller.rb:8: syntax error, unexpected ')', expecting keyword_end
app/controllers/api/v1/users_controller.rb:43: syntax error, unexpected end-of-input, expecting keyword_end
Started GET "/api/v1/users" for 127.0.0.1 at 2018-10-07 12:20:00 -0500
Processing by Api::V1::UsersController#index as JSON
  [1m[36mUser Load (0.6ms)[0m  [1m[34mSELECT "users"."id", "users"."email", "users"."encrypted_password", "users"."reset_password_token", "users"."reset_password_sent_at", "users"."remember_created_at" FROM "users"[0m
Completed 200 OK in 18ms (Views: 10.9ms | ActiveRecord: 5.0ms)


Started GET "/api/v1/users" for 127.0.0.1 at 2018-10-07 12:20:31 -0500
Processing by Api::V1::UsersController#index as JSON
  [1m[36mUser Load (0.5ms)[0m  [1m[34mSELECT "users"."email", "users"."encrypted_password", "users"."reset_password_token", "users"."reset_password_sent_at", "users"."remember_created_at" FROM "users"[0m
Completed 200 OK in 39ms (Views: 18.0ms | ActiveRecord: 9.6ms)


Started GET "/api/v1/users" for 127.0.0.1 at 2018-10-07 12:20:40 -0500
Processing by Api::V1::UsersController#index as JSON
  [1m[36mUser Load (6.7ms)[0m  [1m[34mSELECT "users"."id", "users"."email", "users"."encrypted_password", "users"."reset_password_token", "users"."reset_password_sent_at", "users"."remember_created_at" FROM "users"[0m
Completed 200 OK in 25ms (Views: 10.2ms | ActiveRecord: 10.8ms)


Started POST "/api/v1/users" for 127.0.0.1 at 2018-10-07 12:21:27 -0500
Processing by Api::V1::UsersController#create as JSON
  Parameters: {"email"=>"vh.urquides.3@gmail.com", "password"=>"[FILTERED]", "password_confirmation"=>"[FILTERED]", "user"=>{"email"=>"vh.urquides.3@gmail.com"}}
  [1m[35m (0.4ms)[0m  [1m[35mBEGIN[0m
  [1m[36mUser Exists (0.9ms)[0m  [1m[34mSELECT  1 AS one FROM "users" WHERE "users"."email" = $1 LIMIT $2[0m  [["email", "vh.urquides.3@gmail.com"], ["LIMIT", 1]]
  [1m[36mUser Exists (0.8ms)[0m  [1m[34mSELECT  1 AS one FROM "users" WHERE "users"."auth_token" = $1 LIMIT $2[0m  [["auth_token", "2300b1bb0eb6169e0aa309cad5ff7152"], ["LIMIT", 1]]
  [1m[35mSQL (0.9ms)[0m  [1m[32mINSERT INTO "users" ("email", "encrypted_password", "auth_token", "created_at", "updated_at") VALUES ($1, $2, $3, $4, $5) RETURNING "id"[0m  [["email", "vh.urquides.3@gmail.com"], ["encrypted_password", "$2a$11$b7.DWFpUoDsDKaG4/Omtk.MWSFiPCYlBL7faCih8kRUyc7OhZlYXy"], ["auth_token", "2300b1bb0eb6169e0aa309cad5ff7152"], ["created_at", "2018-10-07 17:21:28.155232"], ["updated_at", "2018-10-07 17:21:28.155232"]]
  [1m[35m (2.9ms)[0m  [1m[35mCOMMIT[0m
Completed 500 Internal Server Error in 293ms (ActiveRecord: 11.4ms)


  
NoMethodError (private method `select' called for #<User:0x00007fd02c7dcb30>):
  
app/controllers/api/v1/users_controller.rb:22:in `create'
Started POST "/api/v1/users" for 127.0.0.1 at 2018-10-07 12:22:39 -0500
Processing by Api::V1::UsersController#create as JSON
  Parameters: {"email"=>"vh.urquides.3@gmail.com", "password"=>"[FILTERED]", "password_confirmation"=>"[FILTERED]", "user"=>{"email"=>"vh.urquides.3@gmail.com"}}
  [1m[35m (0.4ms)[0m  [1m[35mBEGIN[0m
  [1m[36mUser Exists (0.5ms)[0m  [1m[34mSELECT  1 AS one FROM "users" WHERE "users"."email" = $1 LIMIT $2[0m  [["email", "vh.urquides.3@gmail.com"], ["LIMIT", 1]]
  [1m[35m (0.3ms)[0m  [1m[31mROLLBACK[0m
Completed 422 Unprocessable Entity in 209ms (Views: 0.2ms | ActiveRecord: 4.8ms)


Started POST "/api/v1/users" for 127.0.0.1 at 2018-10-07 12:22:45 -0500
Processing by Api::V1::UsersController#create as JSON
  Parameters: {"email"=>"vh.urquides.4@gmail.com", "password"=>"[FILTERED]", "password_confirmation"=>"[FILTERED]", "user"=>{"email"=>"vh.urquides.4@gmail.com"}}
  [1m[35m (0.2ms)[0m  [1m[35mBEGIN[0m
  [1m[36mUser Exists (0.4ms)[0m  [1m[34mSELECT  1 AS one FROM "users" WHERE "users"."email" = $1 LIMIT $2[0m  [["email", "vh.urquides.4@gmail.com"], ["LIMIT", 1]]
  [1m[36mUser Exists (0.3ms)[0m  [1m[34mSELECT  1 AS one FROM "users" WHERE "users"."auth_token" = $1 LIMIT $2[0m  [["auth_token", "1f67b47696c91a5240ee156e721f46f3"], ["LIMIT", 1]]
  [1m[35mSQL (0.4ms)[0m  [1m[32mINSERT INTO "users" ("email", "encrypted_password", "auth_token", "created_at", "updated_at") VALUES ($1, $2, $3, $4, $5) RETURNING "id"[0m  [["email", "vh.urquides.4@gmail.com"], ["encrypted_password", "$2a$11$UlWrDf2kwqLJHzLICc9GH.8Mpnq1rDBEWkHgVkgRToULQCyydooje"], ["auth_token", "1f67b47696c91a5240ee156e721f46f3"], ["created_at", "2018-10-07 17:22:45.337621"], ["updated_at", "2018-10-07 17:22:45.337621"]]
  [1m[35m (0.5ms)[0m  [1m[35mCOMMIT[0m
Completed 201 Created in 186ms (Views: 0.2ms | ActiveRecord: 1.7ms)


Started POST "/api/v1/users" for 127.0.0.1 at 2018-10-07 12:23:02 -0500
Processing by Api::V1::UsersController#create as JSON
  Parameters: {"email"=>"vh.urquides.4@gmail.com", "password"=>"[FILTERED]", "password_confirmation"=>"[FILTERED]", "user"=>{"email"=>"vh.urquides.4@gmail.com"}}
  [1m[35m (0.2ms)[0m  [1m[35mBEGIN[0m
  [1m[36mUser Exists (0.5ms)[0m  [1m[34mSELECT  1 AS one FROM "users" WHERE "users"."email" = $1 LIMIT $2[0m  [["email", "vh.urquides.4@gmail.com"], ["LIMIT", 1]]
  [1m[35m (0.2ms)[0m  [1m[31mROLLBACK[0m
Completed 422 Unprocessable Entity in 201ms (Views: 0.2ms | ActiveRecord: 1.0ms)


Started POST "/api/v1/users" for 127.0.0.1 at 2018-10-07 12:27:00 -0500
Processing by Api::V1::UsersController#create as JSON
  Parameters: {"email"=>"vh.urquides.4@gmail.com", "password"=>"[FILTERED]", "password_confirmation"=>"[FILTERED]", "user"=>{"email"=>"vh.urquides.4@gmail.com"}}
Completed 500 Internal Server Error in 196ms (ActiveRecord: 3.4ms)


  
NameError (undefined local variable or method `user' for #<Api::V1::UsersController:0x00007fd02c4c0f78>):
  
app/controllers/api/v1/users_controller.rb:21:in `create'
Started POST "/api/v1/users" for 127.0.0.1 at 2018-10-07 12:27:46 -0500
Processing by Api::V1::UsersController#create as JSON
  Parameters: {"email"=>"vh.urquides.4@gmail.com", "password"=>"[FILTERED]", "password_confirmation"=>"[FILTERED]", "user"=>{"email"=>"vh.urquides.4@gmail.com"}}
  [1m[35m (0.2ms)[0m  [1m[35mBEGIN[0m
  [1m[36mUser Exists (0.5ms)[0m  [1m[34mSELECT  1 AS one FROM "users" WHERE "users"."email" = $1 LIMIT $2[0m  [["email", "vh.urquides.4@gmail.com"], ["LIMIT", 1]]
  [1m[35m (0.3ms)[0m  [1m[31mROLLBACK[0m
Completed 422 Unprocessable Entity in 223ms (Views: 0.2ms | ActiveRecord: 6.6ms)


Started POST "/api/v1/sessions" for 127.0.0.1 at 2018-10-07 12:30:46 -0500
Processing by Api::V1::SessionsController#create as JSON
  Parameters: {"email"=>"vh.urquides@gmail.com", "password"=>"[FILTERED]", "session"=>{"email"=>"vh.urquides@gmail.com", "password"=>"[FILTERED]"}}
  [1m[36mUser Load (0.6ms)[0m  [1m[34mSELECT  "users".* FROM "users" WHERE "users"."email" = $1 LIMIT $2[0m  [["email", "vh.urquides@gmail.com"], ["LIMIT", 1]]
Completed 200 OK in 196ms (Views: 0.7ms | ActiveRecord: 0.6ms)


